{"run_id": "3e606ada1a5b", "timestamp": "2026-04-28T09:45:39Z", "type": "run.started", "agent": null, "data": {"agents": ["React Developer"], "repo": "ghalex/zenve-test", "dry_run": true}}
{"run_id": "3e606ada1a5b", "timestamp": "2026-04-28T09:45:40Z", "type": "snapshot.fetched", "agent": null, "data": {"issues": 1, "pull_requests": 0, "branches": 1}}
{"run_id": "3e606ada1a5b", "timestamp": "2026-04-28T09:45:40Z", "type": "agent.started", "agent": "React Developer", "data": {}}
{"run_id": "3e606ada1a5b", "timestamp": "2026-04-28T09:45:40Z", "type": "agent.nothing_to_do", "agent": "React Developer", "data": {}}
{"run_id": "3e606ada1a5b", "timestamp": "2026-04-28T09:45:40Z", "type": "run.completed", "agent": null, "data": {"dry_run": true}}
{"run_id": "5cb2321bc12a", "timestamp": "2026-04-28T09:47:24Z", "type": "run.started", "agent": null, "data": {"agents": ["react-developer"], "repo": "ghalex/zenve-test", "dry_run": true}}
{"run_id": "5cb2321bc12a", "timestamp": "2026-04-28T09:47:25Z", "type": "snapshot.fetched", "agent": null, "data": {"issues": 1, "pull_requests": 0, "branches": 1}}
{"run_id": "5cb2321bc12a", "timestamp": "2026-04-28T09:47:25Z", "type": "agent.started", "agent": "react-developer", "data": {}}
{"run_id": "5cb2321bc12a", "timestamp": "2026-04-28T09:47:25Z", "type": "agent.nothing_to_do", "agent": "react-developer", "data": {}}
{"run_id": "5cb2321bc12a", "timestamp": "2026-04-28T09:47:25Z", "type": "run.completed", "agent": null, "data": {"dry_run": true}}
{"run_id": "b9ee5300aaac", "timestamp": "2026-04-28T10:17:05Z", "type": "run.started", "agent": null, "data": {"agents": ["fastapi-developer", "react-developer"], "repo": "ghalex/zenve-test", "dry_run": true}}
{"run_id": "b9ee5300aaac", "timestamp": "2026-04-28T10:17:06Z", "type": "snapshot.fetched", "agent": null, "data": {"issues": 1, "pull_requests": 0, "branches": 1}}
{"run_id": "b9ee5300aaac", "timestamp": "2026-04-28T10:17:06Z", "type": "agent.started", "agent": "fastapi-developer", "data": {}}
{"run_id": "b9ee5300aaac", "timestamp": "2026-04-28T10:17:06Z", "type": "agent.nothing_to_do", "agent": "fastapi-developer", "data": {}}
{"run_id": "b9ee5300aaac", "timestamp": "2026-04-28T10:17:06Z", "type": "agent.started", "agent": "react-developer", "data": {}}
{"run_id": "b9ee5300aaac", "timestamp": "2026-04-28T10:17:06Z", "type": "agent.nothing_to_do", "agent": "react-developer", "data": {}}
{"run_id": "b9ee5300aaac", "timestamp": "2026-04-28T10:17:06Z", "type": "run.completed", "agent": null, "data": {"dry_run": true}}
{"run_id": "b61f6b8df6fb", "timestamp": "2026-04-28T10:19:07Z", "type": "run.started", "agent": null, "data": {"agents": ["fastapi-developer", "product-manager", "react-developer"], "repo": "ghalex/zenve-test", "dry_run": true}}
{"run_id": "b61f6b8df6fb", "timestamp": "2026-04-28T10:19:08Z", "type": "snapshot.fetched", "agent": null, "data": {"issues": 1, "pull_requests": 0, "branches": 1}}
{"run_id": "b61f6b8df6fb", "timestamp": "2026-04-28T10:19:08Z", "type": "agent.started", "agent": "fastapi-developer", "data": {}}
{"run_id": "b61f6b8df6fb", "timestamp": "2026-04-28T10:19:08Z", "type": "agent.nothing_to_do", "agent": "fastapi-developer", "data": {}}
{"run_id": "b61f6b8df6fb", "timestamp": "2026-04-28T10:19:08Z", "type": "agent.started", "agent": "product-manager", "data": {}}
{"run_id": "b61f6b8df6fb", "timestamp": "2026-04-28T10:19:08Z", "type": "agent.nothing_to_do", "agent": "product-manager", "data": {}}
{"run_id": "b61f6b8df6fb", "timestamp": "2026-04-28T10:19:08Z", "type": "agent.started", "agent": "react-developer", "data": {}}
{"run_id": "b61f6b8df6fb", "timestamp": "2026-04-28T10:19:08Z", "type": "agent.nothing_to_do", "agent": "react-developer", "data": {}}
{"run_id": "b61f6b8df6fb", "timestamp": "2026-04-28T10:19:08Z", "type": "run.completed", "agent": null, "data": {"dry_run": true}}
{"run_id": "c16419492548", "timestamp": "2026-04-28T10:19:34Z", "type": "run.started", "agent": null, "data": {"agents": ["fastapi-developer", "product-manager", "react-developer"], "repo": "ghalex/zenve-test", "dry_run": true}}
{"run_id": "c16419492548", "timestamp": "2026-04-28T10:19:36Z", "type": "snapshot.fetched", "agent": null, "data": {"issues": 1, "pull_requests": 0, "branches": 1}}
{"run_id": "c16419492548", "timestamp": "2026-04-28T10:19:36Z", "type": "agent.started", "agent": "fastapi-developer", "data": {}}
{"run_id": "c16419492548", "timestamp": "2026-04-28T10:19:36Z", "type": "agent.nothing_to_do", "agent": "fastapi-developer", "data": {}}
{"run_id": "c16419492548", "timestamp": "2026-04-28T10:19:36Z", "type": "agent.started", "agent": "product-manager", "data": {}}
{"run_id": "c16419492548", "timestamp": "2026-04-28T10:19:36Z", "type": "agent.dry_run", "agent": "product-manager", "data": {"picks_up": "issues", "label": "zenve:pm", "item": {"kind": "issue", "number": 1, "title": "Setup new UI project in ui dir"}}}
{"run_id": "c16419492548", "timestamp": "2026-04-28T10:19:36Z", "type": "agent.started", "agent": "react-developer", "data": {}}
{"run_id": "c16419492548", "timestamp": "2026-04-28T10:19:36Z", "type": "agent.nothing_to_do", "agent": "react-developer", "data": {}}
{"run_id": "f3151d6857c7", "timestamp": "2026-04-28T10:20:40Z", "type": "run.started", "agent": null, "data": {"agents": ["fastapi-developer", "product-manager", "react-developer"], "repo": "ghalex/zenve-test", "dry_run": true}}
{"run_id": "f3151d6857c7", "timestamp": "2026-04-28T10:20:41Z", "type": "snapshot.fetched", "agent": null, "data": {"issues": 1, "pull_requests": 0, "branches": 1}}
{"run_id": "f3151d6857c7", "timestamp": "2026-04-28T10:20:41Z", "type": "agent.started", "agent": "fastapi-developer", "data": {}}
{"run_id": "f3151d6857c7", "timestamp": "2026-04-28T10:20:41Z", "type": "agent.nothing_to_do", "agent": "fastapi-developer", "data": {}}
{"run_id": "f3151d6857c7", "timestamp": "2026-04-28T10:20:41Z", "type": "agent.started", "agent": "product-manager", "data": {}}
{"run_id": "f3151d6857c7", "timestamp": "2026-04-28T10:20:41Z", "type": "agent.dry_run", "agent": "product-manager", "data": {"picks_up": "issues", "label": "zenve:pm", "item": {"kind": "issue", "number": 1, "title": "Setup new UI project in ui dir"}}}
{"run_id": "f3151d6857c7", "timestamp": "2026-04-28T10:20:41Z", "type": "agent.started", "agent": "react-developer", "data": {}}
{"run_id": "f3151d6857c7", "timestamp": "2026-04-28T10:20:41Z", "type": "agent.nothing_to_do", "agent": "react-developer", "data": {}}
{"run_id": "e47b6ee05055", "timestamp": "2026-04-28T10:21:28Z", "type": "run.started", "agent": null, "data": {"agents": ["fastapi-developer", "product-manager", "react-developer"], "repo": "ghalex/zenve-test", "dry_run": true}}
{"run_id": "e47b6ee05055", "timestamp": "2026-04-28T10:21:29Z", "type": "snapshot.fetched", "agent": null, "data": {"issues": 1, "pull_requests": 0, "branches": 1}}
{"run_id": "e47b6ee05055", "timestamp": "2026-04-28T10:21:29Z", "type": "agent.started", "agent": "fastapi-developer", "data": {}}
{"run_id": "e47b6ee05055", "timestamp": "2026-04-28T10:21:29Z", "type": "agent.nothing_to_do", "agent": "fastapi-developer", "data": {}}
{"run_id": "e47b6ee05055", "timestamp": "2026-04-28T10:21:29Z", "type": "agent.started", "agent": "product-manager", "data": {}}
{"run_id": "e47b6ee05055", "timestamp": "2026-04-28T10:21:29Z", "type": "agent.dry_run", "agent": "product-manager", "data": {"picks_up": "issues", "label": "zenve:pm", "item": {"kind": "issue", "number": 1, "title": "Setup new UI project in ui dir"}}}
{"run_id": "e47b6ee05055", "timestamp": "2026-04-28T10:21:29Z", "type": "agent.started", "agent": "react-developer", "data": {}}
{"run_id": "e47b6ee05055", "timestamp": "2026-04-28T10:21:29Z", "type": "agent.nothing_to_do", "agent": "react-developer", "data": {}}
{"run_id": "e47b6ee05055", "timestamp": "2026-04-28T10:21:29Z", "type": "run.completed", "agent": null, "data": {"dry_run": true}}
